"D:\CLion 2020.2.1\bin\cmake\win\bin\cmake.exe" -DCMAKE_BUILD_TYPE=Debug -G "CodeBlocks - MinGW Makefiles" D:\360MoveData\Users\86132\Desktop\学校\22xia\oopex\Acpp\fifthEdit
-- The C compiler identification is GNU 8.1.0
-- The CXX compiler identification is GNU 8.1.0
-- Check for working C compiler: C:/Program Files (x86)/mingw64/bin/gcc.exe
-- Check for working C compiler: C:/Program Files (x86)/mingw64/bin/gcc.exe - broken
CMake Error at D:/CLion 2020.2.1/bin/cmake/win/share/cmake-3.17/Modules/CMakeTestCCompiler.cmake:60 (message):
  The C compiler

    "C:/Program Files (x86)/mingw64/bin/gcc.exe"

  is not able to compile a simple test program.

  It fails with the following output:

    Change Dir: D:/360MoveData/Users/86132/Desktop/瀛︽牎/22xia/oopex/Acpp/fifthEdit/cmake-build-debug/CMakeFiles/CMakeTmp
    
    Run Build Command(s):C:/PROGRA~2/mingw64/bin/mingw32-make.exe cmTC_5a71b/fast && C:/PROGRA~2/mingw64/bin/mingw32-make.exe  -f CMakeFiles\cmTC_5a71b.dir\build.make CMakeFiles/cmTC_5a71b.dir/build
    mingw32-make.exe[1]: Entering directory 'D:/360MoveData/Users/86132/Desktop/瀛︽牎/22xia/oopex/Acpp/fifthEdit/cmake-build-debug/CMakeFiles/CMakeTmp'
    Building C object CMakeFiles/cmTC_5a71b.dir/testCCompiler.c.obj
    C:\PROGRA~2\mingw64\bin\gcc.exe    -o CMakeFiles\cmTC_5a71b.dir\testCCompiler.c.obj   -c D:\360MoveData\Users\86132\Desktop\鐎涳附鐗嶾22xia\oopex\Acpp\fifthEdit\cmake-build-debug\CMakeFiles\CMakeTmp\testCCompiler.c
    gcc.exe: error: D:\360MoveData\Users\86132\Desktop\鐎涳附鐗嶾22xia\oopex\Acpp\fifthEdit\cmake-build-debug\CMakeFiles\CMakeTmp\testCCompiler.c: No such file or directory
    gcc.exe: fatal error: no input files
    compilation terminated.
    mingw32-make.exe[1]: *** [CMakeFiles\cmTC_5a71b.dir\build.make:85: CMakeFiles/cmTC_5a71b.dir/testCCompiler.c.obj] Error 1
    mingw32-make.exe[1]: Leaving directory 'D:/360MoveData/Users/86132/Desktop/瀛︽牎/22xia/oopex/Acpp/fifthEdit/cmake-build-debug/CMakeFiles/CMakeTmp'
    mingw32-make.exe: *** [Makefile:140: cmTC_5a71b/fast] Error 2
    
    

  

  CMake will not be able to correctly generate this project.
Call Stack (most recent call first):
  CMakeLists.txt:2 (project)


-- Configuring incomplete, errors occurred!
See also "D:/360MoveData/Users/86132/Desktop/瀛︽牎/22xia/oopex/Acpp/fifthEdit/cmake-build-debug/CMakeFiles/CMakeOutput.log".
See also "D:/360MoveData/Users/86132/Desktop/瀛︽牎/22xia/oopex/Acpp/fifthEdit/cmake-build-debug/CMakeFiles/CMakeError.log".
